2016-08-10 15:16:19 - PHP Warning:  Invalid argument supplied for foreach() in /home/t/trool/trool.bget.ru/public_html/admin/controller/module/featured.php on line 124
2016-09-06 21:38:58 - PHP Warning:  imagejpeg(/home/ldinka/projects/drosselshop/www/image/cache/catalog/55355608/55655608(3)-1500x800.jpg): failed to open stream: Permission denied in /home/ldinka/projects/drosselshop/www/system/library/image.php on line 64
2016-09-06 21:38:59 - PHP Warning:  imagejpeg(/home/ldinka/projects/drosselshop/www/image/cache/catalog/55577375n/55577375n(1)-1500x800.jpg): failed to open stream: Permission denied in /home/ldinka/projects/drosselshop/www/system/library/image.php on line 64
2016-09-06 21:39:00 - PHP Warning:  imagejpeg(/home/ldinka/projects/drosselshop/www/image/cache/catalog/55562380/55562380(2)-1500x800.jpg): failed to open stream: Permission denied in /home/ldinka/projects/drosselshop/www/system/library/image.php on line 64
2016-09-06 21:39:01 - PHP Warning:  imagejpeg(/home/ldinka/projects/drosselshop/www/image/cache/catalog/55560398/55560398(1)-1500x800.jpg): failed to open stream: Permission denied in /home/ldinka/projects/drosselshop/www/system/library/image.php on line 64
2016-09-06 21:39:02 - PHP Warning:  imagejpeg(/home/ldinka/projects/drosselshop/www/image/cache/catalog/55577375/55577375(1)-1500x800.jpg): failed to open stream: Permission denied in /home/ldinka/projects/drosselshop/www/system/library/image.php on line 64
2016-09-06 21:39:03 - PHP Warning:  imagejpeg(/home/ldinka/projects/drosselshop/www/image/cache/catalog/55575489/55565489(1)-1500x800.jpg): failed to open stream: Permission denied in /home/ldinka/projects/drosselshop/www/system/library/image.php on line 64
2016-09-06 21:39:04 - PHP Warning:  imagejpeg(/home/ldinka/projects/drosselshop/www/image/cache/catalog/55565260/55565260(3)-1500x800.jpg): failed to open stream: Permission denied in /home/ldinka/projects/drosselshop/www/system/library/image.php on line 64
2016-09-06 21:50:22 - PHP Warning:  imagejpeg(/home/ldinka/projects/drosselshop/www/image/cache/catalog/55560398/55560398(1)-500x500.jpg): failed to open stream: Permission denied in /home/ldinka/projects/drosselshop/www/system/library/image.php on line 64
2016-09-06 21:50:23 - PHP Warning:  imagejpeg(/home/ldinka/projects/drosselshop/www/image/cache/catalog/55560398/55560398(1)-228x228.jpg): failed to open stream: Permission denied in /home/ldinka/projects/drosselshop/www/system/library/image.php on line 64
2016-09-06 21:50:24 - PHP Warning:  imagejpeg(/home/ldinka/projects/drosselshop/www/image/cache/catalog/55560398/55560398(3)-500x500.jpg): failed to open stream: Permission denied in /home/ldinka/projects/drosselshop/www/system/library/image.php on line 64
2016-09-06 21:50:24 - PHP Warning:  imagejpeg(/home/ldinka/projects/drosselshop/www/image/cache/catalog/55560398/55560398(3)-74x74.jpg): failed to open stream: Permission denied in /home/ldinka/projects/drosselshop/www/system/library/image.php on line 64
2016-09-06 21:50:25 - PHP Warning:  imagejpeg(/home/ldinka/projects/drosselshop/www/image/cache/catalog/55560398/55560398(2)-500x500.jpg): failed to open stream: Permission denied in /home/ldinka/projects/drosselshop/www/system/library/image.php on line 64
2016-09-06 21:50:26 - PHP Warning:  imagejpeg(/home/ldinka/projects/drosselshop/www/image/cache/catalog/55560398/55560398(2)-74x74.jpg): failed to open stream: Permission denied in /home/ldinka/projects/drosselshop/www/system/library/image.php on line 64
2016-09-06 21:50:27 - PHP Warning:  imagejpeg(/home/ldinka/projects/drosselshop/www/image/cache/catalog/55560398/55560398(1)-500x500.jpg): failed to open stream: Permission denied in /home/ldinka/projects/drosselshop/www/system/library/image.php on line 64
2016-09-06 21:50:27 - PHP Warning:  imagejpeg(/home/ldinka/projects/drosselshop/www/image/cache/catalog/55560398/55560398(1)-74x74.jpg): failed to open stream: Permission denied in /home/ldinka/projects/drosselshop/www/system/library/image.php on line 64
2016-09-06 22:01:14 - PHP Warning:  imagejpeg(/home/ldinka/projects/drosselshop/www/image/cache/catalog/55565260/55565260(3)-500x500.jpg): failed to open stream: Permission denied in /home/ldinka/projects/drosselshop/www/system/library/image.php on line 64
2016-09-06 22:01:14 - PHP Warning:  imagejpeg(/home/ldinka/projects/drosselshop/www/image/cache/catalog/55565260/55565260(3)-228x228.jpg): failed to open stream: Permission denied in /home/ldinka/projects/drosselshop/www/system/library/image.php on line 64
2016-09-06 22:01:15 - PHP Warning:  imagejpeg(/home/ldinka/projects/drosselshop/www/image/cache/catalog/55565260/55565260(3)-500x500.jpg): failed to open stream: Permission denied in /home/ldinka/projects/drosselshop/www/system/library/image.php on line 64
2016-09-06 22:01:15 - PHP Warning:  imagejpeg(/home/ldinka/projects/drosselshop/www/image/cache/catalog/55565260/55565260(3)-74x74.jpg): failed to open stream: Permission denied in /home/ldinka/projects/drosselshop/www/system/library/image.php on line 64
2016-09-06 22:01:16 - PHP Warning:  imagejpeg(/home/ldinka/projects/drosselshop/www/image/cache/catalog/55565260/55565260(1)-500x500.jpg): failed to open stream: Permission denied in /home/ldinka/projects/drosselshop/www/system/library/image.php on line 64
2016-09-06 22:01:17 - PHP Warning:  imagejpeg(/home/ldinka/projects/drosselshop/www/image/cache/catalog/55565260/55565260(1)-74x74.jpg): failed to open stream: Permission denied in /home/ldinka/projects/drosselshop/www/system/library/image.php on line 64
2016-09-06 22:01:17 - PHP Warning:  imagejpeg(/home/ldinka/projects/drosselshop/www/image/cache/catalog/55565260/55565260(2)-500x500.jpg): failed to open stream: Permission denied in /home/ldinka/projects/drosselshop/www/system/library/image.php on line 64
2016-09-06 22:01:18 - PHP Warning:  imagejpeg(/home/ldinka/projects/drosselshop/www/image/cache/catalog/55565260/55565260(2)-74x74.jpg): failed to open stream: Permission denied in /home/ldinka/projects/drosselshop/www/system/library/image.php on line 64
2016-09-06 22:01:19 - PHP Warning:  imagejpeg(/home/ldinka/projects/drosselshop/www/image/cache/catalog/55565260/55565260(3)-500x500.jpg): failed to open stream: Permission denied in /home/ldinka/projects/drosselshop/www/system/library/image.php on line 64
2016-09-06 22:01:19 - PHP Warning:  imagejpeg(/home/ldinka/projects/drosselshop/www/image/cache/catalog/55565260/55565260(3)-228x228.jpg): failed to open stream: Permission denied in /home/ldinka/projects/drosselshop/www/system/library/image.php on line 64
2016-09-06 22:01:20 - PHP Warning:  imagejpeg(/home/ldinka/projects/drosselshop/www/image/cache/catalog/55565260/55565260(3)-500x500.jpg): failed to open stream: Permission denied in /home/ldinka/projects/drosselshop/www/system/library/image.php on line 64
2016-09-06 22:01:20 - PHP Warning:  imagejpeg(/home/ldinka/projects/drosselshop/www/image/cache/catalog/55565260/55565260(3)-74x74.jpg): failed to open stream: Permission denied in /home/ldinka/projects/drosselshop/www/system/library/image.php on line 64
2016-09-06 22:01:21 - PHP Warning:  imagejpeg(/home/ldinka/projects/drosselshop/www/image/cache/catalog/55565260/55565260(1)-500x500.jpg): failed to open stream: Permission denied in /home/ldinka/projects/drosselshop/www/system/library/image.php on line 64
2016-09-06 22:01:21 - PHP Warning:  imagejpeg(/home/ldinka/projects/drosselshop/www/image/cache/catalog/55565260/55565260(1)-74x74.jpg): failed to open stream: Permission denied in /home/ldinka/projects/drosselshop/www/system/library/image.php on line 64
2016-09-06 22:01:22 - PHP Warning:  imagejpeg(/home/ldinka/projects/drosselshop/www/image/cache/catalog/55565260/55565260(2)-500x500.jpg): failed to open stream: Permission denied in /home/ldinka/projects/drosselshop/www/system/library/image.php on line 64
2016-09-06 22:01:23 - PHP Warning:  imagejpeg(/home/ldinka/projects/drosselshop/www/image/cache/catalog/55565260/55565260(2)-74x74.jpg): failed to open stream: Permission denied in /home/ldinka/projects/drosselshop/www/system/library/image.php on line 64
2016-09-06 22:02:30 - PHP Warning:  imagejpeg(/home/ldinka/projects/drosselshop/www/image/cache/catalog/55565260/55565260(3)-500x500.jpg): failed to open stream: Permission denied in /home/ldinka/projects/drosselshop/www/system/library/image.php on line 64
2016-09-06 22:02:31 - PHP Warning:  imagejpeg(/home/ldinka/projects/drosselshop/www/image/cache/catalog/55565260/55565260(3)-228x228.jpg): failed to open stream: Permission denied in /home/ldinka/projects/drosselshop/www/system/library/image.php on line 64
2016-09-06 22:02:31 - PHP Warning:  imagejpeg(/home/ldinka/projects/drosselshop/www/image/cache/catalog/55565260/55565260(3)-500x500.jpg): failed to open stream: Permission denied in /home/ldinka/projects/drosselshop/www/system/library/image.php on line 64
2016-09-06 22:02:32 - PHP Warning:  imagejpeg(/home/ldinka/projects/drosselshop/www/image/cache/catalog/55565260/55565260(3)-74x74.jpg): failed to open stream: Permission denied in /home/ldinka/projects/drosselshop/www/system/library/image.php on line 64
2016-09-06 22:02:33 - PHP Warning:  imagejpeg(/home/ldinka/projects/drosselshop/www/image/cache/catalog/55565260/55565260(1)-500x500.jpg): failed to open stream: Permission denied in /home/ldinka/projects/drosselshop/www/system/library/image.php on line 64
2016-09-06 22:02:33 - PHP Warning:  imagejpeg(/home/ldinka/projects/drosselshop/www/image/cache/catalog/55565260/55565260(1)-74x74.jpg): failed to open stream: Permission denied in /home/ldinka/projects/drosselshop/www/system/library/image.php on line 64
2016-09-06 22:02:34 - PHP Warning:  imagejpeg(/home/ldinka/projects/drosselshop/www/image/cache/catalog/55565260/55565260(2)-500x500.jpg): failed to open stream: Permission denied in /home/ldinka/projects/drosselshop/www/system/library/image.php on line 64
2016-09-06 22:02:34 - PHP Warning:  imagejpeg(/home/ldinka/projects/drosselshop/www/image/cache/catalog/55565260/55565260(2)-74x74.jpg): failed to open stream: Permission denied in /home/ldinka/projects/drosselshop/www/system/library/image.php on line 64
2016-09-06 22:03:07 - PHP Warning:  imagejpeg(/home/ldinka/projects/drosselshop/www/image/cache/catalog/55565260/55565260(3)-500x500.jpg): failed to open stream: Permission denied in /home/ldinka/projects/drosselshop/www/system/library/image.php on line 64
2016-09-06 22:03:08 - PHP Warning:  imagejpeg(/home/ldinka/projects/drosselshop/www/image/cache/catalog/55565260/55565260(3)-228x228.jpg): failed to open stream: Permission denied in /home/ldinka/projects/drosselshop/www/system/library/image.php on line 64
2016-09-06 22:03:08 - PHP Warning:  imagejpeg(/home/ldinka/projects/drosselshop/www/image/cache/catalog/55565260/55565260(3)-500x500.jpg): failed to open stream: Permission denied in /home/ldinka/projects/drosselshop/www/system/library/image.php on line 64
2016-09-06 22:03:09 - PHP Warning:  imagejpeg(/home/ldinka/projects/drosselshop/www/image/cache/catalog/55565260/55565260(3)-74x74.jpg): failed to open stream: Permission denied in /home/ldinka/projects/drosselshop/www/system/library/image.php on line 64
2016-09-06 22:03:10 - PHP Warning:  imagejpeg(/home/ldinka/projects/drosselshop/www/image/cache/catalog/55565260/55565260(1)-500x500.jpg): failed to open stream: Permission denied in /home/ldinka/projects/drosselshop/www/system/library/image.php on line 64
2016-09-06 22:03:10 - PHP Warning:  imagejpeg(/home/ldinka/projects/drosselshop/www/image/cache/catalog/55565260/55565260(1)-74x74.jpg): failed to open stream: Permission denied in /home/ldinka/projects/drosselshop/www/system/library/image.php on line 64
2016-09-06 22:03:11 - PHP Warning:  imagejpeg(/home/ldinka/projects/drosselshop/www/image/cache/catalog/55565260/55565260(2)-500x500.jpg): failed to open stream: Permission denied in /home/ldinka/projects/drosselshop/www/system/library/image.php on line 64
2016-09-06 22:03:12 - PHP Warning:  imagejpeg(/home/ldinka/projects/drosselshop/www/image/cache/catalog/55565260/55565260(2)-74x74.jpg): failed to open stream: Permission denied in /home/ldinka/projects/drosselshop/www/system/library/image.php on line 64
2016-09-06 22:03:41 - PHP Warning:  imagejpeg(/home/ldinka/projects/drosselshop/www/image/cache/catalog/55565260/55565260(3)-500x500.jpg): failed to open stream: Permission denied in /home/ldinka/projects/drosselshop/www/system/library/image.php on line 64
2016-09-06 22:03:42 - PHP Warning:  imagejpeg(/home/ldinka/projects/drosselshop/www/image/cache/catalog/55565260/55565260(3)-228x228.jpg): failed to open stream: Permission denied in /home/ldinka/projects/drosselshop/www/system/library/image.php on line 64
2016-09-06 22:03:42 - PHP Warning:  imagejpeg(/home/ldinka/projects/drosselshop/www/image/cache/catalog/55565260/55565260(3)-500x500.jpg): failed to open stream: Permission denied in /home/ldinka/projects/drosselshop/www/system/library/image.php on line 64
2016-09-06 22:03:43 - PHP Warning:  imagejpeg(/home/ldinka/projects/drosselshop/www/image/cache/catalog/55565260/55565260(3)-74x74.jpg): failed to open stream: Permission denied in /home/ldinka/projects/drosselshop/www/system/library/image.php on line 64
2016-09-06 22:03:43 - PHP Warning:  imagejpeg(/home/ldinka/projects/drosselshop/www/image/cache/catalog/55565260/55565260(1)-500x500.jpg): failed to open stream: Permission denied in /home/ldinka/projects/drosselshop/www/system/library/image.php on line 64
2016-09-06 22:03:44 - PHP Warning:  imagejpeg(/home/ldinka/projects/drosselshop/www/image/cache/catalog/55565260/55565260(1)-74x74.jpg): failed to open stream: Permission denied in /home/ldinka/projects/drosselshop/www/system/library/image.php on line 64
2016-09-06 22:03:45 - PHP Warning:  imagejpeg(/home/ldinka/projects/drosselshop/www/image/cache/catalog/55565260/55565260(2)-500x500.jpg): failed to open stream: Permission denied in /home/ldinka/projects/drosselshop/www/system/library/image.php on line 64
2016-09-06 22:03:45 - PHP Warning:  imagejpeg(/home/ldinka/projects/drosselshop/www/image/cache/catalog/55565260/55565260(2)-74x74.jpg): failed to open stream: Permission denied in /home/ldinka/projects/drosselshop/www/system/library/image.php on line 64
2016-09-06 22:03:56 - PHP Warning:  imagejpeg(/home/ldinka/projects/drosselshop/www/image/cache/catalog/55565260/55565260(3)-500x500.jpg): failed to open stream: Permission denied in /home/ldinka/projects/drosselshop/www/system/library/image.php on line 64
2016-09-06 22:03:56 - PHP Warning:  imagejpeg(/home/ldinka/projects/drosselshop/www/image/cache/catalog/55565260/55565260(3)-228x228.jpg): failed to open stream: Permission denied in /home/ldinka/projects/drosselshop/www/system/library/image.php on line 64
2016-09-06 22:03:57 - PHP Warning:  imagejpeg(/home/ldinka/projects/drosselshop/www/image/cache/catalog/55565260/55565260(3)-500x500.jpg): failed to open stream: Permission denied in /home/ldinka/projects/drosselshop/www/system/library/image.php on line 64
2016-09-06 22:03:57 - PHP Warning:  imagejpeg(/home/ldinka/projects/drosselshop/www/image/cache/catalog/55565260/55565260(3)-74x74.jpg): failed to open stream: Permission denied in /home/ldinka/projects/drosselshop/www/system/library/image.php on line 64
2016-09-06 22:03:58 - PHP Warning:  imagejpeg(/home/ldinka/projects/drosselshop/www/image/cache/catalog/55565260/55565260(1)-500x500.jpg): failed to open stream: Permission denied in /home/ldinka/projects/drosselshop/www/system/library/image.php on line 64
2016-09-06 22:03:59 - PHP Warning:  imagejpeg(/home/ldinka/projects/drosselshop/www/image/cache/catalog/55565260/55565260(1)-74x74.jpg): failed to open stream: Permission denied in /home/ldinka/projects/drosselshop/www/system/library/image.php on line 64
2016-09-06 22:03:59 - PHP Warning:  imagejpeg(/home/ldinka/projects/drosselshop/www/image/cache/catalog/55565260/55565260(2)-500x500.jpg): failed to open stream: Permission denied in /home/ldinka/projects/drosselshop/www/system/library/image.php on line 64
2016-09-06 22:04:00 - PHP Warning:  imagejpeg(/home/ldinka/projects/drosselshop/www/image/cache/catalog/55565260/55565260(2)-74x74.jpg): failed to open stream: Permission denied in /home/ldinka/projects/drosselshop/www/system/library/image.php on line 64
2016-09-06 23:03:57 - PHP Warning:  move_uploaded_file(/home/ldinka/projects/drosselshop/www/image/catalog/main-dross.jpg): failed to open stream: Permission denied in /home/ldinka/projects/drosselshop/www/admin/controller/common/filemanager.php on line 309
2016-09-06 23:03:57 - PHP Warning:  move_uploaded_file(): Unable to move '/tmp/phpgB4gp1' to '/home/ldinka/projects/drosselshop/www/image/catalog/main-dross.jpg' in /home/ldinka/projects/drosselshop/www/admin/controller/common/filemanager.php on line 309
